<?xml version="1.0" encoding="UTF-8"?>
<testsuite name="com.example.task01.Tests" tests="3" skipped="0" failures="0" errors="0" timestamp="2021-04-15T12:41:52" hostname="roflan" time="0.174">
  <properties/>
  <testcase name="testExample" classname="com.example.task01.Tests" time="0.169"/>
  <testcase name="testNPE" classname="com.example.task01.Tests" time="0.004"/>
  <testcase name="testNull" classname="com.example.task01.Tests" time="0.001"/>
  <system-out><![CDATA[]]></system-out>
  <system-err><![CDATA[]]></system-err>
</testsuite>
