<?xml version="1.0" encoding="UTF-8"?>
<testsuite name="com.example.task03.Tests" tests="6" skipped="0" failures="0" errors="0" timestamp="2021-04-15T12:42:31" hostname="roflan" time="5.584">
  <properties/>
  <testcase name="testExample" classname="com.example.task03.Tests" time="0.842"/>
  <testcase name="testBig" classname="com.example.task03.Tests" time="4.713"/>
  <testcase name="testNPE" classname="com.example.task03.Tests" time="0.025"/>
  <testcase name="testEmpty" classname="com.example.task03.Tests" time="0.001"/>
  <testcase name="testNull" classname="com.example.task03.Tests" time="0.001"/>
  <testcase name="testString" classname="com.example.task03.Tests" time="0.002"/>
  <system-out><![CDATA[]]></system-out>
  <system-err><![CDATA[]]></system-err>
</testsuite>
